{"C:\\Users\\frank\\gitdir\\projects\\productivity-app-ts\\server\\models\\Task.js": {"path":"C:\\Users\\frank\\gitdir\\projects\\productivity-app-ts\\server\\models\\Task.js","statementMap":{"0":{"start":{"line":1,"column":17},"end":{"line":1,"column":36}},"1":{"start":{"line":3,"column":19},"end":{"line":14,"column":1}},"2":{"start":{"line":16,"column":0},"end":{"line":16,"column":52}}},"fnMap":{},"branchMap":{},"s":{"0":1,"1":1,"2":1},"f":{},"b":{},"_coverageSchema":"1a1c01bbd47fc00a2c39e90264f33305004495a9","hash":"5d1286984c931b08f23b79bca72ea38cf0e10418"}
}
