{"C:\\Users\\frank\\gitdir\\projects\\productivity-app-ts\\server\\models\\Task.js": {"path":"C:\\Users\\frank\\gitdir\\projects\\productivity-app-ts\\server\\models\\Task.js","statementMap":{"0":{"start":{"line":1,"column":17},"end":{"line":1,"column":36}},"1":{"start":{"line":2,"column":12},"end":{"line":2,"column":35}},"2":{"start":{"line":4,"column":19},"end":{"line":15,"column":1}},"3":{"start":{"line":17,"column":0},"end":{"line":17,"column":52}}},"fnMap":{},"branchMap":{},"s":{"0":1,"1":1,"2":1,"3":1},"f":{},"b":{},"_coverageSchema":"1a1c01bbd47fc00a2c39e90264f33305004495a9","hash":"bb9b63e5c3d9c48753b7e156942fb87dd8f82e39"}
}
